<?xml version="1.0" encoding="UTF-8"?>
<!-- Generated by org.testng.reporters.JUnitXMLReporter -->
<testsuite ignored="0" hostname="DESKTOP-SB77N2B" failures="1" tests="1" name="Default test(failed)" time="28.456" errors="0" timestamp="2023-05-02T16:50:18 IST">
  <testcase classname="testfile.ChangeThemeTestFile" name="verifyChangeThemeFunctioanlity" time="28.239">
    <failure type="java.lang.AssertionError" message="The following asserts failed:
	Theme is changed expected [false] but found [true]">
      <![CDATA[java.lang.AssertionError: The following asserts failed:
Theme is changed expected [false] but found [true]
at testfile.ChangeThemeTestFile.verifyChangeThemeFunctioanlity(ChangeThemeTestFile.java:30)
at java.base/java.util.ArrayList.forEach(ArrayList.java:1511)
... Removed 29 stack frames]]>
    </failure>
  </testcase> <!-- verifyChangeThemeFunctioanlity -->
</testsuite> <!-- Default test(failed) -->
