<?xml version="1.0" encoding="UTF-8"?>
<!-- Generated by org.testng.reporters.JUnitXMLReporter -->
<testsuite ignored="0" hostname="DESKTOP-SB77N2B" failures="1" tests="1" name="Test(failed)" time="46.593" errors="0" timestamp="2023-05-01T17:41:52 IST">
  <testcase classname="testfile.CreateLeadTestFile" name="verifyCreateLeadFunctionality" time="46.264">
    <failure type="java.lang.AssertionError" message="The following asserts failed:
	Save and New button is Disabled expected [false] but found [true],
	Save button is Disabled expected [false] but found [true]">
      <![CDATA[java.lang.AssertionError: The following asserts failed:
Save and New button is Disabled expected [false] but found [true],
Save button is Disabled expected [false] but found [true]
at testfile.CreateLeadTestFile.verifyCreateLeadFunctionality(CreateLeadTestFile.java:33)
at java.base/java.util.ArrayList.forEach(ArrayList.java:1511)
... Removed 29 stack frames]]>
    </failure>
  </testcase> <!-- verifyCreateLeadFunctionality -->
</testsuite> <!-- Test(failed) -->
